<?xml version="1.0" encoding="UTF-8"?>
<robot generator="Robot 6.1.1 (Python 3.10.5 on darwin)" generated="20231206 10:49:52.070" rpa="false" schemaversion="4">
<suite id="s1" name="CredentialVerificationSignUpPage" source="/Users/annya/python/robot-framework/github project/Robot-Framework-with-python-automation/TestCases/CredentialVerificationSignUpPage.robot">
<kw name="Open My Browser" library="BrowserKeywords" type="SETUP">
<arg>${URL}</arg>
<arg>${BROWSER}</arg>
<kw name="Set Selenium Speed" library="SeleniumLibrary">
<arg>.2s</arg>
<doc>Sets the delay that is waited after each Selenium command.</doc>
<status status="PASS" starttime="20231206 10:49:52.191" endtime="20231206 10:49:52.191"/>
</kw>
<kw name="Set Selenium Timeout" library="SeleniumLibrary">
<arg>10s</arg>
<doc>Sets the timeout that is used by various keywords.</doc>
<status status="PASS" starttime="20231206 10:49:52.192" endtime="20231206 10:49:52.192"/>
</kw>
<kw name="Open Browser" library="SeleniumLibrary">
<arg>${URL}</arg>
<arg>${BROWSER}</arg>
<doc>Opens a new browser instance to the optional ``url``.</doc>
<msg timestamp="20231206 10:49:52.192" level="INFO">Opening browser 'chrome' to base url 'https://magento.softwaretestingboard.com/'.</msg>
<status status="PASS" starttime="20231206 10:49:52.192" endtime="20231206 10:49:55.057"/>
</kw>
<kw name="Maximize Browser Window" library="SeleniumLibrary">
<doc>Maximizes current browser window.</doc>
<status status="PASS" starttime="20231206 10:49:55.058" endtime="20231206 10:49:55.667"/>
</kw>
<kw name="Wait Until Page Contains" library="SeleniumLibrary">
<arg>Sign In</arg>
<doc>Waits until ``text`` appears on the current page.</doc>
<status status="PASS" starttime="20231206 10:49:55.668" endtime="20231206 10:49:55.878"/>
</kw>
<status status="PASS" starttime="20231206 10:49:52.191" endtime="20231206 10:49:55.878"/>
</kw>
<test id="s1-t1" name="Create Account With Invalid Data" line="13">
<kw name="Goto &quot;Create An Account&quot; Link" library="SignUpKeywords">
<kw name="Click Link" library="SeleniumLibrary">
<arg>${CREATE_ACCUNTK_LINK}</arg>
<doc>Clicks a link identified by ``locator``.</doc>
<msg timestamp="20231206 10:49:55.881" level="INFO">Clicking link '//div[@class='panel header']//a[normalize-space()='Create an Account']'.</msg>
<status status="PASS" starttime="20231206 10:49:55.880" endtime="20231206 10:49:57.212"/>
</kw>
<kw name="Wait Until Page Contains" library="SeleniumLibrary">
<arg>Create New Customer Account</arg>
<doc>Waits until ``text`` appears on the current page.</doc>
<status status="PASS" starttime="20231206 10:49:57.212" endtime="20231206 10:49:57.426"/>
</kw>
<status status="PASS" starttime="20231206 10:49:55.879" endtime="20231206 10:49:57.426"/>
</kw>
<kw name="Get CSV Data" library="DataManager">
<var>${invalid_scenarios}</var>
<arg>${INVALID_CREDENTIALS_PATH_CSV}</arg>
<kw name="Read Csv File" library="UserData">
<var>${Data}</var>
<arg>${FilePath}</arg>
<msg timestamp="20231206 10:49:57.428" level="INFO">${Data} = [['#BLANK', 'Mishra', 'riya@gmail.com', 'Riya@123', 'Riya@123', 'This is a required field'], ['Mira', '#BLANK', 'mira@gmail.com', 'Mira@123', 'Mira@123', 'This is a required field'], ['Misha', 'Kaur',...</msg>
<status status="PASS" starttime="20231206 10:49:57.427" endtime="20231206 10:49:57.428"/>
</kw>
<kw name="Log" library="BuiltIn">
<arg>${Data}</arg>
<doc>Logs the given message with the given level.</doc>
<msg timestamp="20231206 10:49:57.429" level="INFO">[['#BLANK', 'Mishra', 'riya@gmail.com', 'Riya@123', 'Riya@123', 'This is a required field'], ['Mira', '#BLANK', 'mira@gmail.com', 'Mira@123', 'Mira@123', 'This is a required field'], ['Misha', 'Kaur', '#BLANK', 'Misha@123', 'Misha@123', 'This is a required field'], ['Rita', 'Pandey', 'rita@gmail.com', '#BLANK', 'Rita@123', 'This is a required field'], ['Ritta', 'Pandey', 'ritta@gmail.com', 'Ritta@123', '#BLANK', 'This is a required field'], ['Ria', 'Pandey', 'ria@gmail.com', 'Riaa@123', 'ria@123', 'Please enter the same value again.'], ['Pia', 'Pandey', 'pia@gmail.com', 'pia', 'pia', 'Minimum length of this field must be equal or greater than 8 symbols. Leading and trailing spaces will be ignored'], ['Ria', 'Pandey', 'ria@', 'Riaa@123', 'Riaa@123', 'Please enter a valid email address (Ex: johndoe@domain.com)'], ['Kia', 'Pandey', 'kia@gmail.com', 'kiaa1234', 'kiaa1234', 'Minimum of different classes of characters in password is 3. Classes of characters: Lower Case', ' Upper Case', ' Digits', ' Special Characters']]</msg>
<status status="PASS" starttime="20231206 10:49:57.428" endtime="20231206 10:49:57.429"/>
</kw>
<msg timestamp="20231206 10:49:57.429" level="INFO">${invalid_scenarios} = [['#BLANK', 'Mishra', 'riya@gmail.com', 'Riya@123', 'Riya@123', 'This is a required field'], ['Mira', '#BLANK', 'mira@gmail.com', 'Mira@123', 'Mira@123', 'This is a required field'], ['Misha', 'Kaur',...</msg>
<status status="PASS" starttime="20231206 10:49:57.426" endtime="20231206 10:49:57.429"/>
</kw>
<kw name="Log" library="BuiltIn">
<arg>${invalid_scenarios}</arg>
<doc>Logs the given message with the given level.</doc>
<msg timestamp="20231206 10:49:57.429" level="INFO">[['#BLANK', 'Mishra', 'riya@gmail.com', 'Riya@123', 'Riya@123', 'This is a required field'], ['Mira', '#BLANK', 'mira@gmail.com', 'Mira@123', 'Mira@123', 'This is a required field'], ['Misha', 'Kaur', '#BLANK', 'Misha@123', 'Misha@123', 'This is a required field'], ['Rita', 'Pandey', 'rita@gmail.com', '#BLANK', 'Rita@123', 'This is a required field'], ['Ritta', 'Pandey', 'ritta@gmail.com', 'Ritta@123', '#BLANK', 'This is a required field'], ['Ria', 'Pandey', 'ria@gmail.com', 'Riaa@123', 'ria@123', 'Please enter the same value again.'], ['Pia', 'Pandey', 'pia@gmail.com', 'pia', 'pia', 'Minimum length of this field must be equal or greater than 8 symbols. Leading and trailing spaces will be ignored'], ['Ria', 'Pandey', 'ria@', 'Riaa@123', 'Riaa@123', 'Please enter a valid email address (Ex: johndoe@domain.com)'], ['Kia', 'Pandey', 'kia@gmail.com', 'kiaa1234', 'kiaa1234', 'Minimum of different classes of characters in password is 3. Classes of characters: Lower Case', ' Upper Case', ' Digits', ' Special Characters']]</msg>
<status status="PASS" starttime="20231206 10:49:57.429" endtime="20231206 10:49:57.429"/>
</kw>
<kw name="Create Account Scenario With Invalid Data" library="CredentialVerificationSignUpKeywords">
<arg>${invalid_scenarios}</arg>
<kw name="Log" library="BuiltIn">
<arg>value ${invalid_scenarios.__len__()}</arg>
<doc>Logs the given message with the given level.</doc>
<msg timestamp="20231206 10:49:57.430" level="INFO">value 9</msg>
<status status="PASS" starttime="20231206 10:49:57.430" endtime="20231206 10:49:57.430"/>
</kw>
<for flavor="IN RANGE">
<var>${index}</var>
<value>0</value>
<value>${invalid_scenarios.__len__()}</value>
<iter>
<var name="${index}">0</var>
<kw name="Set Variable" library="BuiltIn">
<var>${scenario}</var>
<arg>${invalid_scenarios}[${index}]</arg>
<doc>Returns the given values which can then be assigned to a variables.</doc>
<msg timestamp="20231206 10:49:57.431" level="INFO">${scenario} = ['#BLANK', 'Mishra', 'riya@gmail.com', 'Riya@123', 'Riya@123', 'This is a required field']</msg>
<status status="PASS" starttime="20231206 10:49:57.431" endtime="20231206 10:49:57.431"/>
</kw>
<kw name="Run Keyword And Continue On Failure" library="BuiltIn">
<arg>Attempt Registration</arg>
<arg>${scenario}</arg>
<doc>Runs the keyword and continues execution even if a failure occurs.</doc>
<kw name="Attempt Registration" library="CredentialVerificationSignUpKeywords">
<arg>${scenario}</arg>
<kw name="Run Keyword If" library="BuiltIn">
<arg>'${credentials[0]}' != '#BLANK'</arg>
<arg>Input Text</arg>
<arg>${FIRSTNAME}</arg>
<arg>${credentials[0]}</arg>
<doc>Runs the given keyword with the given arguments, if ``condition`` is true.</doc>
<status status="PASS" starttime="20231206 10:49:57.432" endtime="20231206 10:49:57.433"/>
</kw>
<kw name="Run Keyword If" library="BuiltIn">
<arg>'${credentials[1]}' != '#BLANK'</arg>
<arg>Input Text</arg>
<arg>${LASTNAME}</arg>
<arg>${credentials[1]}</arg>
<doc>Runs the given keyword with the given arguments, if ``condition`` is true.</doc>
<kw name="Input Text" library="SeleniumLibrary">
<arg>${LASTNAME}</arg>
<arg>${credentials[1]}</arg>
<doc>Types the given ``text`` into the text field identified by ``locator``.</doc>
<msg timestamp="20231206 10:49:57.435" level="INFO">Typing text 'Mishra' into text field '//input[@id='lastname']'.</msg>
<status status="PASS" starttime="20231206 10:49:57.434" endtime="20231206 10:49:58.213"/>
</kw>
<status status="PASS" starttime="20231206 10:49:57.433" endtime="20231206 10:49:58.213"/>
</kw>
<kw name="Run Keyword If" library="BuiltIn">
<arg>'${credentials[2]}' != '#BLANK'</arg>
<arg>Input Text</arg>
<arg>${EMAILID}</arg>
<arg>${credentials[2]}</arg>
<doc>Runs the given keyword with the given arguments, if ``condition`` is true.</doc>
<kw name="Input Text" library="SeleniumLibrary">
<arg>${EMAILID}</arg>
<arg>${credentials[2]}</arg>
<doc>Types the given ``text`` into the text field identified by ``locator``.</doc>
<msg timestamp="20231206 10:49:58.217" level="INFO">Typing text 'riya@gmail.com' into text field '//input[@id='email_address']'.</msg>
<status status="PASS" starttime="20231206 10:49:58.215" endtime="20231206 10:49:58.921"/>
</kw>
<status status="PASS" starttime="20231206 10:49:58.213" endtime="20231206 10:49:58.921"/>
</kw>
<kw name="Run Keyword If" library="BuiltIn">
<arg>'${credentials[3]}' != '#BLANK'</arg>
<arg>Input Text</arg>
<arg>${PASSWORD}</arg>
<arg>${credentials[3]}</arg>
<doc>Runs the given keyword with the given arguments, if ``condition`` is true.</doc>
<kw name="Input Text" library="SeleniumLibrary">
<arg>${PASSWORD}</arg>
<arg>${credentials[3]}</arg>
<doc>Types the given ``text`` into the text field identified by ``locator``.</doc>
<msg timestamp="20231206 10:49:58.927" level="INFO">Typing text 'Riya@123' into text field '//input[@id='password']'.</msg>
<status status="PASS" starttime="20231206 10:49:58.925" endtime="20231206 10:49:59.642"/>
</kw>
<status status="PASS" starttime="20231206 10:49:58.922" endtime="20231206 10:49:59.643"/>
</kw>
<kw name="Run Keyword If" library="BuiltIn">
<arg>'${credentials[4]}' != '#BLANK'</arg>
<arg>Input Text</arg>
<arg>${CONFIRM_PASSWORD}</arg>
<arg>${credentials[4]}</arg>
<doc>Runs the given keyword with the given arguments, if ``condition`` is true.</doc>
<kw name="Input Text" library="SeleniumLibrary">
<arg>${CONFIRM_PASSWORD}</arg>
<arg>${credentials[4]}</arg>
<doc>Types the given ``text`` into the text field identified by ``locator``.</doc>
<msg timestamp="20231206 10:49:59.649" level="INFO">Typing text 'Riya@123' into text field '//input[@id='password-confirmation']'.</msg>
<status status="PASS" starttime="20231206 10:49:59.647" endtime="20231206 10:50:00.350"/>
</kw>
<status status="PASS" starttime="20231206 10:49:59.643" endtime="20231206 10:50:00.350"/>
</kw>
<status status="PASS" starttime="20231206 10:49:57.432" endtime="20231206 10:50:00.351"/>
</kw>
<status status="PASS" starttime="20231206 10:49:57.432" endtime="20231206 10:50:00.351"/>
</kw>
<kw name="Run Keyword And Continue On Failure" library="BuiltIn">
<arg>Click Submit</arg>
<doc>Runs the keyword and continues execution even if a failure occurs.</doc>
<kw name="Click Submit" library="CredentialVerificationSignUpKeywords">
<kw name="Click Button" library="SeleniumLibrary">
<arg>${CREATE_ACCOUNT_BTN}</arg>
<doc>Clicks the button identified by ``locator``.</doc>
<msg timestamp="20231206 10:50:00.355" level="INFO">Clicking button '//button[@title='Create an Account']'.</msg>
<status status="PASS" starttime="20231206 10:50:00.353" endtime="20231206 10:50:01.476"/>
</kw>
<kw name="Sleep" library="BuiltIn">
<arg>2S</arg>
<doc>Pauses the test executed for the given time.</doc>
<msg timestamp="20231206 10:50:03.477" level="INFO">Slept 2 seconds</msg>
<status status="PASS" starttime="20231206 10:50:01.477" endtime="20231206 10:50:03.478"/>
</kw>
<status status="PASS" starttime="20231206 10:50:00.352" endtime="20231206 10:50:03.478"/>
</kw>
<status status="PASS" starttime="20231206 10:50:00.351" endtime="20231206 10:50:03.478"/>
</kw>
<kw name="Run Keyword And Continue On Failure" library="BuiltIn">
<arg>Verify Create Account Page Error Message</arg>
<arg>${Scenario}</arg>
<doc>Runs the keyword and continues execution even if a failure occurs.</doc>
<kw name="Verify Create Account Page Error Message" library="CredentialVerificationSignUpKeywords">
<arg>${Scenario}</arg>
<kw name="Page Should Contain" library="SeleniumLibrary">
<arg>${ERR_TEXT_MSG[5]}</arg>
<doc>Verifies that current page contains ``text``.</doc>
<msg timestamp="20231206 10:50:03.917" level="INFO">Current page contains text 'This is a required field'.</msg>
<status status="PASS" starttime="20231206 10:50:03.481" endtime="20231206 10:50:03.917"/>
</kw>
<status status="PASS" starttime="20231206 10:50:03.480" endtime="20231206 10:50:03.918"/>
</kw>
<status status="PASS" starttime="20231206 10:50:03.479" endtime="20231206 10:50:03.918"/>
</kw>
<kw name="Reload Page" library="CredentialVerificationSignUpKeywords">
<kw name="Execute Javascript" library="SeleniumLibrary">
<arg>location.reload(true)</arg>
<doc>Executes the given JavaScript code with possible arguments.</doc>
<msg timestamp="20231206 10:50:03.921" level="INFO">Executing JavaScript:
location.reload(true)
Without any arguments.</msg>
<status status="PASS" starttime="20231206 10:50:03.920" endtime="20231206 10:50:05.409"/>
</kw>
<status status="PASS" starttime="20231206 10:50:03.918" endtime="20231206 10:50:05.410"/>
</kw>
<status status="PASS" starttime="20231206 10:49:57.431" endtime="20231206 10:50:05.410"/>
</iter>
<iter>
<var name="${index}">1</var>
<kw name="Set Variable" library="BuiltIn">
<var>${scenario}</var>
<arg>${invalid_scenarios}[${index}]</arg>
<doc>Returns the given values which can then be assigned to a variables.</doc>
<msg timestamp="20231206 10:50:05.410" level="INFO">${scenario} = ['Mira', '#BLANK', 'mira@gmail.com', 'Mira@123', 'Mira@123', 'This is a required field']</msg>
<status status="PASS" starttime="20231206 10:50:05.410" endtime="20231206 10:50:05.410"/>
</kw>
<kw name="Run Keyword And Continue On Failure" library="BuiltIn">
<arg>Attempt Registration</arg>
<arg>${scenario}</arg>
<doc>Runs the keyword and continues execution even if a failure occurs.</doc>
<kw name="Attempt Registration" library="CredentialVerificationSignUpKeywords">
<arg>${scenario}</arg>
<kw name="Run Keyword If" library="BuiltIn">
<arg>'${credentials[0]}' != '#BLANK'</arg>
<arg>Input Text</arg>
<arg>${FIRSTNAME}</arg>
<arg>${credentials[0]}</arg>
<doc>Runs the given keyword with the given arguments, if ``condition`` is true.</doc>
<kw name="Input Text" library="SeleniumLibrary">
<arg>${FIRSTNAME}</arg>
<arg>${credentials[0]}</arg>
<doc>Types the given ``text`` into the text field identified by ``locator``.</doc>
<msg timestamp="20231206 10:50:05.412" level="INFO">Typing text 'Mira' into text field '//input[@id='firstname']'.</msg>
<status status="PASS" starttime="20231206 10:50:05.411" endtime="20231206 10:50:06.110"/>
</kw>
<status status="PASS" starttime="20231206 10:50:05.411" endtime="20231206 10:50:06.110"/>
</kw>
<kw name="Run Keyword If" library="BuiltIn">
<arg>'${credentials[1]}' != '#BLANK'</arg>
<arg>Input Text</arg>
<arg>${LASTNAME}</arg>
<arg>${credentials[1]}</arg>
<doc>Runs the given keyword with the given arguments, if ``condition`` is true.</doc>
<status status="PASS" starttime="20231206 10:50:06.111" endtime="20231206 10:50:06.113"/>
</kw>
<kw name="Run Keyword If" library="BuiltIn">
<arg>'${credentials[2]}' != '#BLANK'</arg>
<arg>Input Text</arg>
<arg>${EMAILID}</arg>
<arg>${credentials[2]}</arg>
<doc>Runs the given keyword with the given arguments, if ``condition`` is true.</doc>
<kw name="Input Text" library="SeleniumLibrary">
<arg>${EMAILID}</arg>
<arg>${credentials[2]}</arg>
<doc>Types the given ``text`` into the text field identified by ``locator``.</doc>
<msg timestamp="20231206 10:50:06.116" level="INFO">Typing text 'mira@gmail.com' into text field '//input[@id='email_address']'.</msg>
<status status="PASS" starttime="20231206 10:50:06.115" endtime="20231206 10:50:06.812"/>
</kw>
<status status="PASS" starttime="20231206 10:50:06.113" endtime="20231206 10:50:06.812"/>
</kw>
<kw name="Run Keyword If" library="BuiltIn">
<arg>'${credentials[3]}' != '#BLANK'</arg>
<arg>Input Text</arg>
<arg>${PASSWORD}</arg>
<arg>${credentials[3]}</arg>
<doc>Runs the given keyword with the given arguments, if ``condition`` is true.</doc>
<kw name="Input Text" library="SeleniumLibrary">
<arg>${PASSWORD}</arg>
<arg>${credentials[3]}</arg>
<doc>Types the given ``text`` into the text field identified by ``locator``.</doc>
<msg timestamp="20231206 10:50:06.819" level="INFO">Typing text 'Mira@123' into text field '//input[@id='password']'.</msg>
<status status="PASS" starttime="20231206 10:50:06.816" endtime="20231206 10:50:07.524"/>
</kw>
<status status="PASS" starttime="20231206 10:50:06.813" endtime="20231206 10:50:07.524"/>
</kw>
<kw name="Run Keyword If" library="BuiltIn">
<arg>'${credentials[4]}' != '#BLANK'</arg>
<arg>Input Text</arg>
<arg>${CONFIRM_PASSWORD}</arg>
<arg>${credentials[4]}</arg>
<doc>Runs the given keyword with the given arguments, if ``condition`` is true.</doc>
<kw name="Input Text" library="SeleniumLibrary">
<arg>${CONFIRM_PASSWORD}</arg>
<arg>${credentials[4]}</arg>
<doc>Types the given ``text`` into the text field identified by ``locator``.</doc>
<msg timestamp="20231206 10:50:07.530" level="INFO">Typing text 'Mira@123' into text field '//input[@id='password-confirmation']'.</msg>
<status status="PASS" starttime="20231206 10:50:07.528" endtime="20231206 10:50:08.224"/>
</kw>
<status status="PASS" starttime="20231206 10:50:07.525" endtime="20231206 10:50:08.225"/>
</kw>
<status status="PASS" starttime="20231206 10:50:05.410" endtime="20231206 10:50:08.225"/>
</kw>
<status status="PASS" starttime="20231206 10:50:05.410" endtime="20231206 10:50:08.225"/>
</kw>
<kw name="Run Keyword And Continue On Failure" library="BuiltIn">
<arg>Click Submit</arg>
<doc>Runs the keyword and continues execution even if a failure occurs.</doc>
<kw name="Click Submit" library="CredentialVerificationSignUpKeywords">
<kw name="Click Button" library="SeleniumLibrary">
<arg>${CREATE_ACCOUNT_BTN}</arg>
<doc>Clicks the button identified by ``locator``.</doc>
<msg timestamp="20231206 10:50:08.229" level="INFO">Clicking button '//button[@title='Create an Account']'.</msg>
<status status="PASS" starttime="20231206 10:50:08.228" endtime="20231206 10:50:09.333"/>
</kw>
<kw name="Sleep" library="BuiltIn">
<arg>2S</arg>
<doc>Pauses the test executed for the given time.</doc>
<msg timestamp="20231206 10:50:11.335" level="INFO">Slept 2 seconds</msg>
<status status="PASS" starttime="20231206 10:50:09.333" endtime="20231206 10:50:11.335"/>
</kw>
<status status="PASS" starttime="20231206 10:50:08.227" endtime="20231206 10:50:11.335"/>
</kw>
<status status="PASS" starttime="20231206 10:50:08.226" endtime="20231206 10:50:11.336"/>
</kw>
<kw name="Run Keyword And Continue On Failure" library="BuiltIn">
<arg>Verify Create Account Page Error Message</arg>
<arg>${Scenario}</arg>
<doc>Runs the keyword and continues execution even if a failure occurs.</doc>
<kw name="Verify Create Account Page Error Message" library="CredentialVerificationSignUpKeywords">
<arg>${Scenario}</arg>
<kw name="Page Should Contain" library="SeleniumLibrary">
<arg>${ERR_TEXT_MSG[5]}</arg>
<doc>Verifies that current page contains ``text``.</doc>
<msg timestamp="20231206 10:50:11.767" level="INFO">Current page contains text 'This is a required field'.</msg>
<status status="PASS" starttime="20231206 10:50:11.338" endtime="20231206 10:50:11.768"/>
</kw>
<status status="PASS" starttime="20231206 10:50:11.337" endtime="20231206 10:50:11.768"/>
</kw>
<status status="PASS" starttime="20231206 10:50:11.336" endtime="20231206 10:50:11.768"/>
</kw>
<kw name="Reload Page" library="CredentialVerificationSignUpKeywords">
<kw name="Execute Javascript" library="SeleniumLibrary">
<arg>location.reload(true)</arg>
<doc>Executes the given JavaScript code with possible arguments.</doc>
<msg timestamp="20231206 10:50:11.772" level="INFO">Executing JavaScript:
location.reload(true)
Without any arguments.</msg>
<status status="PASS" starttime="20231206 10:50:11.770" endtime="20231206 10:50:13.176"/>
</kw>
<status status="PASS" starttime="20231206 10:50:11.769" endtime="20231206 10:50:13.176"/>
</kw>
<status status="PASS" starttime="20231206 10:50:05.410" endtime="20231206 10:50:13.176"/>
</iter>
<iter>
<var name="${index}">2</var>
<kw name="Set Variable" library="BuiltIn">
<var>${scenario}</var>
<arg>${invalid_scenarios}[${index}]</arg>
<doc>Returns the given values which can then be assigned to a variables.</doc>
<msg timestamp="20231206 10:50:13.177" level="INFO">${scenario} = ['Misha', 'Kaur', '#BLANK', 'Misha@123', 'Misha@123', 'This is a required field']</msg>
<status status="PASS" starttime="20231206 10:50:13.177" endtime="20231206 10:50:13.177"/>
</kw>
<kw name="Run Keyword And Continue On Failure" library="BuiltIn">
<arg>Attempt Registration</arg>
<arg>${scenario}</arg>
<doc>Runs the keyword and continues execution even if a failure occurs.</doc>
<kw name="Attempt Registration" library="CredentialVerificationSignUpKeywords">
<arg>${scenario}</arg>
<kw name="Run Keyword If" library="BuiltIn">
<arg>'${credentials[0]}' != '#BLANK'</arg>
<arg>Input Text</arg>
<arg>${FIRSTNAME}</arg>
<arg>${credentials[0]}</arg>
<doc>Runs the given keyword with the given arguments, if ``condition`` is true.</doc>
<kw name="Input Text" library="SeleniumLibrary">
<arg>${FIRSTNAME}</arg>
<arg>${credentials[0]}</arg>
<doc>Types the given ``text`` into the text field identified by ``locator``.</doc>
<msg timestamp="20231206 10:50:13.180" level="INFO">Typing text 'Misha' into text field '//input[@id='firstname']'.</msg>
<status status="PASS" starttime="20231206 10:50:13.179" endtime="20231206 10:50:13.876"/>
</kw>
<status status="PASS" starttime="20231206 10:50:13.178" endtime="20231206 10:50:13.877"/>
</kw>
<kw name="Run Keyword If" library="BuiltIn">
<arg>'${credentials[1]}' != '#BLANK'</arg>
<arg>Input Text</arg>
<arg>${LASTNAME}</arg>
<arg>${credentials[1]}</arg>
<doc>Runs the given keyword with the given arguments, if ``condition`` is true.</doc>
<kw name="Input Text" library="SeleniumLibrary">
<arg>${LASTNAME}</arg>
<arg>${credentials[1]}</arg>
<doc>Types the given ``text`` into the text field identified by ``locator``.</doc>
<msg timestamp="20231206 10:50:13.882" level="INFO">Typing text 'Kaur' into text field '//input[@id='lastname']'.</msg>
<status status="PASS" starttime="20231206 10:50:13.880" endtime="20231206 10:50:14.576"/>
</kw>
<status status="PASS" starttime="20231206 10:50:13.877" endtime="20231206 10:50:14.576"/>
</kw>
<kw name="Run Keyword If" library="BuiltIn">
<arg>'${credentials[2]}' != '#BLANK'</arg>
<arg>Input Text</arg>
<arg>${EMAILID}</arg>
<arg>${credentials[2]}</arg>
<doc>Runs the given keyword with the given arguments, if ``condition`` is true.</doc>
<status status="PASS" starttime="20231206 10:50:14.577" endtime="20231206 10:50:14.579"/>
</kw>
<kw name="Run Keyword If" library="BuiltIn">
<arg>'${credentials[3]}' != '#BLANK'</arg>
<arg>Input Text</arg>
<arg>${PASSWORD}</arg>
<arg>${credentials[3]}</arg>
<doc>Runs the given keyword with the given arguments, if ``condition`` is true.</doc>
<kw name="Input Text" library="SeleniumLibrary">
<arg>${PASSWORD}</arg>
<arg>${credentials[3]}</arg>
<doc>Types the given ``text`` into the text field identified by ``locator``.</doc>
<msg timestamp="20231206 10:50:14.583" level="INFO">Typing text 'Misha@123' into text field '//input[@id='password']'.</msg>
<status status="PASS" starttime="20231206 10:50:14.581" endtime="20231206 10:50:15.290"/>
</kw>
<status status="PASS" starttime="20231206 10:50:14.579" endtime="20231206 10:50:15.290"/>
</kw>
<kw name="Run Keyword If" library="BuiltIn">
<arg>'${credentials[4]}' != '#BLANK'</arg>
<arg>Input Text</arg>
<arg>${CONFIRM_PASSWORD}</arg>
<arg>${credentials[4]}</arg>
<doc>Runs the given keyword with the given arguments, if ``condition`` is true.</doc>
<kw name="Input Text" library="SeleniumLibrary">
<arg>${CONFIRM_PASSWORD}</arg>
<arg>${credentials[4]}</arg>
<doc>Types the given ``text`` into the text field identified by ``locator``.</doc>
<msg timestamp="20231206 10:50:15.296" level="INFO">Typing text 'Misha@123' into text field '//input[@id='password-confirmation']'.</msg>
<status status="PASS" starttime="20231206 10:50:15.294" endtime="20231206 10:50:15.990"/>
</kw>
<status status="PASS" starttime="20231206 10:50:15.291" endtime="20231206 10:50:15.991"/>
</kw>
<status status="PASS" starttime="20231206 10:50:13.177" endtime="20231206 10:50:15.991"/>
</kw>
<status status="PASS" starttime="20231206 10:50:13.177" endtime="20231206 10:50:15.991"/>
</kw>
<kw name="Run Keyword And Continue On Failure" library="BuiltIn">
<arg>Click Submit</arg>
<doc>Runs the keyword and continues execution even if a failure occurs.</doc>
<kw name="Click Submit" library="CredentialVerificationSignUpKeywords">
<kw name="Click Button" library="SeleniumLibrary">
<arg>${CREATE_ACCOUNT_BTN}</arg>
<doc>Clicks the button identified by ``locator``.</doc>
<msg timestamp="20231206 10:50:15.995" level="INFO">Clicking button '//button[@title='Create an Account']'.</msg>
<status status="PASS" starttime="20231206 10:50:15.994" endtime="20231206 10:50:17.105"/>
</kw>
<kw name="Sleep" library="BuiltIn">
<arg>2S</arg>
<doc>Pauses the test executed for the given time.</doc>
<msg timestamp="20231206 10:50:19.107" level="INFO">Slept 2 seconds</msg>
<status status="PASS" starttime="20231206 10:50:17.105" endtime="20231206 10:50:19.107"/>
</kw>
<status status="PASS" starttime="20231206 10:50:15.993" endtime="20231206 10:50:19.108"/>
</kw>
<status status="PASS" starttime="20231206 10:50:15.992" endtime="20231206 10:50:19.108"/>
</kw>
<kw name="Run Keyword And Continue On Failure" library="BuiltIn">
<arg>Verify Create Account Page Error Message</arg>
<arg>${Scenario}</arg>
<doc>Runs the keyword and continues execution even if a failure occurs.</doc>
<kw name="Verify Create Account Page Error Message" library="CredentialVerificationSignUpKeywords">
<arg>${Scenario}</arg>
<kw name="Page Should Contain" library="SeleniumLibrary">
<arg>${ERR_TEXT_MSG[5]}</arg>
<doc>Verifies that current page contains ``text``.</doc>
<msg timestamp="20231206 10:50:19.538" level="INFO">Current page contains text 'This is a required field'.</msg>
<status status="PASS" starttime="20231206 10:50:19.110" endtime="20231206 10:50:19.539"/>
</kw>
<status status="PASS" starttime="20231206 10:50:19.109" endtime="20231206 10:50:19.539"/>
</kw>
<status status="PASS" starttime="20231206 10:50:19.108" endtime="20231206 10:50:19.539"/>
</kw>
<kw name="Reload Page" library="CredentialVerificationSignUpKeywords">
<kw name="Execute Javascript" library="SeleniumLibrary">
<arg>location.reload(true)</arg>
<doc>Executes the given JavaScript code with possible arguments.</doc>
<msg timestamp="20231206 10:50:19.542" level="INFO">Executing JavaScript:
location.reload(true)
Without any arguments.</msg>
<status status="PASS" starttime="20231206 10:50:19.540" endtime="20231206 10:50:21.062"/>
</kw>
<status status="PASS" starttime="20231206 10:50:19.539" endtime="20231206 10:50:21.063"/>
</kw>
<status status="PASS" starttime="20231206 10:50:13.177" endtime="20231206 10:50:21.063"/>
</iter>
<iter>
<var name="${index}">3</var>
<kw name="Set Variable" library="BuiltIn">
<var>${scenario}</var>
<arg>${invalid_scenarios}[${index}]</arg>
<doc>Returns the given values which can then be assigned to a variables.</doc>
<msg timestamp="20231206 10:50:21.063" level="INFO">${scenario} = ['Rita', 'Pandey', 'rita@gmail.com', '#BLANK', 'Rita@123', 'This is a required field']</msg>
<status status="PASS" starttime="20231206 10:50:21.063" endtime="20231206 10:50:21.063"/>
</kw>
<kw name="Run Keyword And Continue On Failure" library="BuiltIn">
<arg>Attempt Registration</arg>
<arg>${scenario}</arg>
<doc>Runs the keyword and continues execution even if a failure occurs.</doc>
<kw name="Attempt Registration" library="CredentialVerificationSignUpKeywords">
<arg>${scenario}</arg>
<kw name="Run Keyword If" library="BuiltIn">
<arg>'${credentials[0]}' != '#BLANK'</arg>
<arg>Input Text</arg>
<arg>${FIRSTNAME}</arg>
<arg>${credentials[0]}</arg>
<doc>Runs the given keyword with the given arguments, if ``condition`` is true.</doc>
<kw name="Input Text" library="SeleniumLibrary">
<arg>${FIRSTNAME}</arg>
<arg>${credentials[0]}</arg>
<doc>Types the given ``text`` into the text field identified by ``locator``.</doc>
<msg timestamp="20231206 10:50:21.066" level="INFO">Typing text 'Rita' into text field '//input[@id='firstname']'.</msg>
<status status="PASS" starttime="20231206 10:50:21.065" endtime="20231206 10:50:21.756"/>
</kw>
<status status="PASS" starttime="20231206 10:50:21.064" endtime="20231206 10:50:21.756"/>
</kw>
<kw name="Run Keyword If" library="BuiltIn">
<arg>'${credentials[1]}' != '#BLANK'</arg>
<arg>Input Text</arg>
<arg>${LASTNAME}</arg>
<arg>${credentials[1]}</arg>
<doc>Runs the given keyword with the given arguments, if ``condition`` is true.</doc>
<kw name="Input Text" library="SeleniumLibrary">
<arg>${LASTNAME}</arg>
<arg>${credentials[1]}</arg>
<doc>Types the given ``text`` into the text field identified by ``locator``.</doc>
<msg timestamp="20231206 10:50:21.762" level="INFO">Typing text 'Pandey' into text field '//input[@id='lastname']'.</msg>
<status status="PASS" starttime="20231206 10:50:21.760" endtime="20231206 10:50:22.453"/>
</kw>
<status status="PASS" starttime="20231206 10:50:21.757" endtime="20231206 10:50:22.454"/>
</kw>
<kw name="Run Keyword If" library="BuiltIn">
<arg>'${credentials[2]}' != '#BLANK'</arg>
<arg>Input Text</arg>
<arg>${EMAILID}</arg>
<arg>${credentials[2]}</arg>
<doc>Runs the given keyword with the given arguments, if ``condition`` is true.</doc>
<kw name="Input Text" library="SeleniumLibrary">
<arg>${EMAILID}</arg>
<arg>${credentials[2]}</arg>
<doc>Types the given ``text`` into the text field identified by ``locator``.</doc>
<msg timestamp="20231206 10:50:22.460" level="INFO">Typing text 'rita@gmail.com' into text field '//input[@id='email_address']'.</msg>
<status status="PASS" starttime="20231206 10:50:22.458" endtime="20231206 10:50:23.157"/>
</kw>
<status status="PASS" starttime="20231206 10:50:22.455" endtime="20231206 10:50:23.157"/>
</kw>
<kw name="Run Keyword If" library="BuiltIn">
<arg>'${credentials[3]}' != '#BLANK'</arg>
<arg>Input Text</arg>
<arg>${PASSWORD}</arg>
<arg>${credentials[3]}</arg>
<doc>Runs the given keyword with the given arguments, if ``condition`` is true.</doc>
<status status="PASS" starttime="20231206 10:50:23.157" endtime="20231206 10:50:23.158"/>
</kw>
<kw name="Run Keyword If" library="BuiltIn">
<arg>'${credentials[4]}' != '#BLANK'</arg>
<arg>Input Text</arg>
<arg>${CONFIRM_PASSWORD}</arg>
<arg>${credentials[4]}</arg>
<doc>Runs the given keyword with the given arguments, if ``condition`` is true.</doc>
<kw name="Input Text" library="SeleniumLibrary">
<arg>${CONFIRM_PASSWORD}</arg>
<arg>${credentials[4]}</arg>
<doc>Types the given ``text`` into the text field identified by ``locator``.</doc>
<msg timestamp="20231206 10:50:23.160" level="INFO">Typing text 'Rita@123' into text field '//input[@id='password-confirmation']'.</msg>
<status status="PASS" starttime="20231206 10:50:23.159" endtime="20231206 10:50:23.858"/>
</kw>
<status status="PASS" starttime="20231206 10:50:23.158" endtime="20231206 10:50:23.858"/>
</kw>
<status status="PASS" starttime="20231206 10:50:21.064" endtime="20231206 10:50:23.858"/>
</kw>
<status status="PASS" starttime="20231206 10:50:21.063" endtime="20231206 10:50:23.858"/>
</kw>
<kw name="Run Keyword And Continue On Failure" library="BuiltIn">
<arg>Click Submit</arg>
<doc>Runs the keyword and continues execution even if a failure occurs.</doc>
<kw name="Click Submit" library="CredentialVerificationSignUpKeywords">
<kw name="Click Button" library="SeleniumLibrary">
<arg>${CREATE_ACCOUNT_BTN}</arg>
<doc>Clicks the button identified by ``locator``.</doc>
<msg timestamp="20231206 10:50:23.862" level="INFO">Clicking button '//button[@title='Create an Account']'.</msg>
<status status="PASS" starttime="20231206 10:50:23.860" endtime="20231206 10:50:24.965"/>
</kw>
<kw name="Sleep" library="BuiltIn">
<arg>2S</arg>
<doc>Pauses the test executed for the given time.</doc>
<msg timestamp="20231206 10:50:26.967" level="INFO">Slept 2 seconds</msg>
<status status="PASS" starttime="20231206 10:50:24.965" endtime="20231206 10:50:26.968"/>
</kw>
<status status="PASS" starttime="20231206 10:50:23.860" endtime="20231206 10:50:26.968"/>
</kw>
<status status="PASS" starttime="20231206 10:50:23.859" endtime="20231206 10:50:26.968"/>
</kw>
<kw name="Run Keyword And Continue On Failure" library="BuiltIn">
<arg>Verify Create Account Page Error Message</arg>
<arg>${Scenario}</arg>
<doc>Runs the keyword and continues execution even if a failure occurs.</doc>
<kw name="Verify Create Account Page Error Message" library="CredentialVerificationSignUpKeywords">
<arg>${Scenario}</arg>
<kw name="Page Should Contain" library="SeleniumLibrary">
<arg>${ERR_TEXT_MSG[5]}</arg>
<doc>Verifies that current page contains ``text``.</doc>
<msg timestamp="20231206 10:50:27.400" level="INFO">Current page contains text 'This is a required field'.</msg>
<status status="PASS" starttime="20231206 10:50:26.971" endtime="20231206 10:50:27.401"/>
</kw>
<status status="PASS" starttime="20231206 10:50:26.970" endtime="20231206 10:50:27.401"/>
</kw>
<status status="PASS" starttime="20231206 10:50:26.969" endtime="20231206 10:50:27.401"/>
</kw>
<kw name="Reload Page" library="CredentialVerificationSignUpKeywords">
<kw name="Execute Javascript" library="SeleniumLibrary">
<arg>location.reload(true)</arg>
<doc>Executes the given JavaScript code with possible arguments.</doc>
<msg timestamp="20231206 10:50:27.405" level="INFO">Executing JavaScript:
location.reload(true)
Without any arguments.</msg>
<status status="PASS" starttime="20231206 10:50:27.403" endtime="20231206 10:50:28.979"/>
</kw>
<status status="PASS" starttime="20231206 10:50:27.402" endtime="20231206 10:50:28.979"/>
</kw>
<status status="PASS" starttime="20231206 10:50:21.063" endtime="20231206 10:50:28.979"/>
</iter>
<iter>
<var name="${index}">4</var>
<kw name="Set Variable" library="BuiltIn">
<var>${scenario}</var>
<arg>${invalid_scenarios}[${index}]</arg>
<doc>Returns the given values which can then be assigned to a variables.</doc>
<msg timestamp="20231206 10:50:28.980" level="INFO">${scenario} = ['Ritta', 'Pandey', 'ritta@gmail.com', 'Ritta@123', '#BLANK', 'This is a required field']</msg>
<status status="PASS" starttime="20231206 10:50:28.979" endtime="20231206 10:50:28.980"/>
</kw>
<kw name="Run Keyword And Continue On Failure" library="BuiltIn">
<arg>Attempt Registration</arg>
<arg>${scenario}</arg>
<doc>Runs the keyword and continues execution even if a failure occurs.</doc>
<kw name="Attempt Registration" library="CredentialVerificationSignUpKeywords">
<arg>${scenario}</arg>
<kw name="Run Keyword If" library="BuiltIn">
<arg>'${credentials[0]}' != '#BLANK'</arg>
<arg>Input Text</arg>
<arg>${FIRSTNAME}</arg>
<arg>${credentials[0]}</arg>
<doc>Runs the given keyword with the given arguments, if ``condition`` is true.</doc>
<kw name="Input Text" library="SeleniumLibrary">
<arg>${FIRSTNAME}</arg>
<arg>${credentials[0]}</arg>
<doc>Types the given ``text`` into the text field identified by ``locator``.</doc>
<msg timestamp="20231206 10:50:28.982" level="INFO">Typing text 'Ritta' into text field '//input[@id='firstname']'.</msg>
<status status="PASS" starttime="20231206 10:50:28.981" endtime="20231206 10:50:29.678"/>
</kw>
<status status="PASS" starttime="20231206 10:50:28.980" endtime="20231206 10:50:29.678"/>
</kw>
<kw name="Run Keyword If" library="BuiltIn">
<arg>'${credentials[1]}' != '#BLANK'</arg>
<arg>Input Text</arg>
<arg>${LASTNAME}</arg>
<arg>${credentials[1]}</arg>
<doc>Runs the given keyword with the given arguments, if ``condition`` is true.</doc>
<kw name="Input Text" library="SeleniumLibrary">
<arg>${LASTNAME}</arg>
<arg>${credentials[1]}</arg>
<doc>Types the given ``text`` into the text field identified by ``locator``.</doc>
<msg timestamp="20231206 10:50:29.686" level="INFO">Typing text 'Pandey' into text field '//input[@id='lastname']'.</msg>
<status status="PASS" starttime="20231206 10:50:29.682" endtime="20231206 10:50:30.383"/>
</kw>
<status status="PASS" starttime="20231206 10:50:29.679" endtime="20231206 10:50:30.384"/>
</kw>
<kw name="Run Keyword If" library="BuiltIn">
<arg>'${credentials[2]}' != '#BLANK'</arg>
<arg>Input Text</arg>
<arg>${EMAILID}</arg>
<arg>${credentials[2]}</arg>
<doc>Runs the given keyword with the given arguments, if ``condition`` is true.</doc>
<kw name="Input Text" library="SeleniumLibrary">
<arg>${EMAILID}</arg>
<arg>${credentials[2]}</arg>
<doc>Types the given ``text`` into the text field identified by ``locator``.</doc>
<msg timestamp="20231206 10:50:30.390" level="INFO">Typing text 'ritta@gmail.com' into text field '//input[@id='email_address']'.</msg>
<status status="PASS" starttime="20231206 10:50:30.388" endtime="20231206 10:50:31.081"/>
</kw>
<status status="PASS" starttime="20231206 10:50:30.384" endtime="20231206 10:50:31.081"/>
</kw>
<kw name="Run Keyword If" library="BuiltIn">
<arg>'${credentials[3]}' != '#BLANK'</arg>
<arg>Input Text</arg>
<arg>${PASSWORD}</arg>
<arg>${credentials[3]}</arg>
<doc>Runs the given keyword with the given arguments, if ``condition`` is true.</doc>
<kw name="Input Text" library="SeleniumLibrary">
<arg>${PASSWORD}</arg>
<arg>${credentials[3]}</arg>
<doc>Types the given ``text`` into the text field identified by ``locator``.</doc>
<msg timestamp="20231206 10:50:31.084" level="INFO">Typing text 'Ritta@123' into text field '//input[@id='password']'.</msg>
<status status="PASS" starttime="20231206 10:50:31.082" endtime="20231206 10:50:31.792"/>
</kw>
<status status="PASS" starttime="20231206 10:50:31.081" endtime="20231206 10:50:31.792"/>
</kw>
<kw name="Run Keyword If" library="BuiltIn">
<arg>'${credentials[4]}' != '#BLANK'</arg>
<arg>Input Text</arg>
<arg>${CONFIRM_PASSWORD}</arg>
<arg>${credentials[4]}</arg>
<doc>Runs the given keyword with the given arguments, if ``condition`` is true.</doc>
<status status="PASS" starttime="20231206 10:50:31.793" endtime="20231206 10:50:31.795"/>
</kw>
<status status="PASS" starttime="20231206 10:50:28.980" endtime="20231206 10:50:31.796"/>
</kw>
<status status="PASS" starttime="20231206 10:50:28.980" endtime="20231206 10:50:31.796"/>
</kw>
<kw name="Run Keyword And Continue On Failure" library="BuiltIn">
<arg>Click Submit</arg>
<doc>Runs the keyword and continues execution even if a failure occurs.</doc>
<kw name="Click Submit" library="CredentialVerificationSignUpKeywords">
<kw name="Click Button" library="SeleniumLibrary">
<arg>${CREATE_ACCOUNT_BTN}</arg>
<doc>Clicks the button identified by ``locator``.</doc>
<msg timestamp="20231206 10:50:31.798" level="INFO">Clicking button '//button[@title='Create an Account']'.</msg>
<status status="PASS" starttime="20231206 10:50:31.797" endtime="20231206 10:50:32.911"/>
</kw>
<kw name="Sleep" library="BuiltIn">
<arg>2S</arg>
<doc>Pauses the test executed for the given time.</doc>
<msg timestamp="20231206 10:50:34.914" level="INFO">Slept 2 seconds</msg>
<status status="PASS" starttime="20231206 10:50:32.911" endtime="20231206 10:50:34.914"/>
</kw>
<status status="PASS" starttime="20231206 10:50:31.796" endtime="20231206 10:50:34.914"/>
</kw>
<status status="PASS" starttime="20231206 10:50:31.796" endtime="20231206 10:50:34.915"/>
</kw>
<kw name="Run Keyword And Continue On Failure" library="BuiltIn">
<arg>Verify Create Account Page Error Message</arg>
<arg>${Scenario}</arg>
<doc>Runs the keyword and continues execution even if a failure occurs.</doc>
<kw name="Verify Create Account Page Error Message" library="CredentialVerificationSignUpKeywords">
<arg>${Scenario}</arg>
<kw name="Page Should Contain" library="SeleniumLibrary">
<arg>${ERR_TEXT_MSG[5]}</arg>
<doc>Verifies that current page contains ``text``.</doc>
<msg timestamp="20231206 10:50:35.345" level="INFO">Current page contains text 'This is a required field'.</msg>
<status status="PASS" starttime="20231206 10:50:34.916" endtime="20231206 10:50:35.345"/>
</kw>
<status status="PASS" starttime="20231206 10:50:34.916" endtime="20231206 10:50:35.346"/>
</kw>
<status status="PASS" starttime="20231206 10:50:34.915" endtime="20231206 10:50:35.346"/>
</kw>
<kw name="Reload Page" library="CredentialVerificationSignUpKeywords">
<kw name="Execute Javascript" library="SeleniumLibrary">
<arg>location.reload(true)</arg>
<doc>Executes the given JavaScript code with possible arguments.</doc>
<msg timestamp="20231206 10:50:35.350" level="INFO">Executing JavaScript:
location.reload(true)
Without any arguments.</msg>
<status status="PASS" starttime="20231206 10:50:35.348" endtime="20231206 10:50:36.852"/>
</kw>
<status status="PASS" starttime="20231206 10:50:35.347" endtime="20231206 10:50:36.852"/>
</kw>
<status status="PASS" starttime="20231206 10:50:28.979" endtime="20231206 10:50:36.852"/>
</iter>
<iter>
<var name="${index}">5</var>
<kw name="Set Variable" library="BuiltIn">
<var>${scenario}</var>
<arg>${invalid_scenarios}[${index}]</arg>
<doc>Returns the given values which can then be assigned to a variables.</doc>
<msg timestamp="20231206 10:50:36.853" level="INFO">${scenario} = ['Ria', 'Pandey', 'ria@gmail.com', 'Riaa@123', 'ria@123', 'Please enter the same value again.']</msg>
<status status="PASS" starttime="20231206 10:50:36.852" endtime="20231206 10:50:36.853"/>
</kw>
<kw name="Run Keyword And Continue On Failure" library="BuiltIn">
<arg>Attempt Registration</arg>
<arg>${scenario}</arg>
<doc>Runs the keyword and continues execution even if a failure occurs.</doc>
<kw name="Attempt Registration" library="CredentialVerificationSignUpKeywords">
<arg>${scenario}</arg>
<kw name="Run Keyword If" library="BuiltIn">
<arg>'${credentials[0]}' != '#BLANK'</arg>
<arg>Input Text</arg>
<arg>${FIRSTNAME}</arg>
<arg>${credentials[0]}</arg>
<doc>Runs the given keyword with the given arguments, if ``condition`` is true.</doc>
<kw name="Input Text" library="SeleniumLibrary">
<arg>${FIRSTNAME}</arg>
<arg>${credentials[0]}</arg>
<doc>Types the given ``text`` into the text field identified by ``locator``.</doc>
<msg timestamp="20231206 10:50:36.855" level="INFO">Typing text 'Ria' into text field '//input[@id='firstname']'.</msg>
<status status="PASS" starttime="20231206 10:50:36.854" endtime="20231206 10:50:37.552"/>
</kw>
<status status="PASS" starttime="20231206 10:50:36.853" endtime="20231206 10:50:37.552"/>
</kw>
<kw name="Run Keyword If" library="BuiltIn">
<arg>'${credentials[1]}' != '#BLANK'</arg>
<arg>Input Text</arg>
<arg>${LASTNAME}</arg>
<arg>${credentials[1]}</arg>
<doc>Runs the given keyword with the given arguments, if ``condition`` is true.</doc>
<kw name="Input Text" library="SeleniumLibrary">
<arg>${LASTNAME}</arg>
<arg>${credentials[1]}</arg>
<doc>Types the given ``text`` into the text field identified by ``locator``.</doc>
<msg timestamp="20231206 10:50:37.559" level="INFO">Typing text 'Pandey' into text field '//input[@id='lastname']'.</msg>
<status status="PASS" starttime="20231206 10:50:37.557" endtime="20231206 10:50:38.247"/>
</kw>
<status status="PASS" starttime="20231206 10:50:37.553" endtime="20231206 10:50:38.248"/>
</kw>
<kw name="Run Keyword If" library="BuiltIn">
<arg>'${credentials[2]}' != '#BLANK'</arg>
<arg>Input Text</arg>
<arg>${EMAILID}</arg>
<arg>${credentials[2]}</arg>
<doc>Runs the given keyword with the given arguments, if ``condition`` is true.</doc>
<kw name="Input Text" library="SeleniumLibrary">
<arg>${EMAILID}</arg>
<arg>${credentials[2]}</arg>
<doc>Types the given ``text`` into the text field identified by ``locator``.</doc>
<msg timestamp="20231206 10:50:38.251" level="INFO">Typing text 'ria@gmail.com' into text field '//input[@id='email_address']'.</msg>
<status status="PASS" starttime="20231206 10:50:38.250" endtime="20231206 10:50:38.947"/>
</kw>
<status status="PASS" starttime="20231206 10:50:38.248" endtime="20231206 10:50:38.947"/>
</kw>
<kw name="Run Keyword If" library="BuiltIn">
<arg>'${credentials[3]}' != '#BLANK'</arg>
<arg>Input Text</arg>
<arg>${PASSWORD}</arg>
<arg>${credentials[3]}</arg>
<doc>Runs the given keyword with the given arguments, if ``condition`` is true.</doc>
<kw name="Input Text" library="SeleniumLibrary">
<arg>${PASSWORD}</arg>
<arg>${credentials[3]}</arg>
<doc>Types the given ``text`` into the text field identified by ``locator``.</doc>
<msg timestamp="20231206 10:50:38.954" level="INFO">Typing text 'Riaa@123' into text field '//input[@id='password']'.</msg>
<status status="PASS" starttime="20231206 10:50:38.951" endtime="20231206 10:50:39.664"/>
</kw>
<status status="PASS" starttime="20231206 10:50:38.948" endtime="20231206 10:50:39.665"/>
</kw>
<kw name="Run Keyword If" library="BuiltIn">
<arg>'${credentials[4]}' != '#BLANK'</arg>
<arg>Input Text</arg>
<arg>${CONFIRM_PASSWORD}</arg>
<arg>${credentials[4]}</arg>
<doc>Runs the given keyword with the given arguments, if ``condition`` is true.</doc>
<kw name="Input Text" library="SeleniumLibrary">
<arg>${CONFIRM_PASSWORD}</arg>
<arg>${credentials[4]}</arg>
<doc>Types the given ``text`` into the text field identified by ``locator``.</doc>
<msg timestamp="20231206 10:50:39.670" level="INFO">Typing text 'ria@123' into text field '//input[@id='password-confirmation']'.</msg>
<status status="PASS" starttime="20231206 10:50:39.668" endtime="20231206 10:50:40.364"/>
</kw>
<status status="PASS" starttime="20231206 10:50:39.665" endtime="20231206 10:50:40.365"/>
</kw>
<status status="PASS" starttime="20231206 10:50:36.853" endtime="20231206 10:50:40.365"/>
</kw>
<status status="PASS" starttime="20231206 10:50:36.853" endtime="20231206 10:50:40.365"/>
</kw>
<kw name="Run Keyword And Continue On Failure" library="BuiltIn">
<arg>Click Submit</arg>
<doc>Runs the keyword and continues execution even if a failure occurs.</doc>
<kw name="Click Submit" library="CredentialVerificationSignUpKeywords">
<kw name="Click Button" library="SeleniumLibrary">
<arg>${CREATE_ACCOUNT_BTN}</arg>
<doc>Clicks the button identified by ``locator``.</doc>
<msg timestamp="20231206 10:50:40.369" level="INFO">Clicking button '//button[@title='Create an Account']'.</msg>
<status status="PASS" starttime="20231206 10:50:40.368" endtime="20231206 10:50:41.480"/>
</kw>
<kw name="Sleep" library="BuiltIn">
<arg>2S</arg>
<doc>Pauses the test executed for the given time.</doc>
<msg timestamp="20231206 10:50:43.482" level="INFO">Slept 2 seconds</msg>
<status status="PASS" starttime="20231206 10:50:41.480" endtime="20231206 10:50:43.483"/>
</kw>
<status status="PASS" starttime="20231206 10:50:40.367" endtime="20231206 10:50:43.483"/>
</kw>
<status status="PASS" starttime="20231206 10:50:40.366" endtime="20231206 10:50:43.483"/>
</kw>
<kw name="Run Keyword And Continue On Failure" library="BuiltIn">
<arg>Verify Create Account Page Error Message</arg>
<arg>${Scenario}</arg>
<doc>Runs the keyword and continues execution even if a failure occurs.</doc>
<kw name="Verify Create Account Page Error Message" library="CredentialVerificationSignUpKeywords">
<arg>${Scenario}</arg>
<kw name="Page Should Contain" library="SeleniumLibrary">
<arg>${ERR_TEXT_MSG[5]}</arg>
<doc>Verifies that current page contains ``text``.</doc>
<msg timestamp="20231206 10:50:43.921" level="INFO">Current page contains text 'Please enter the same value again.'.</msg>
<status status="PASS" starttime="20231206 10:50:43.486" endtime="20231206 10:50:43.921"/>
</kw>
<status status="PASS" starttime="20231206 10:50:43.485" endtime="20231206 10:50:43.921"/>
</kw>
<status status="PASS" starttime="20231206 10:50:43.484" endtime="20231206 10:50:43.922"/>
</kw>
<kw name="Reload Page" library="CredentialVerificationSignUpKeywords">
<kw name="Execute Javascript" library="SeleniumLibrary">
<arg>location.reload(true)</arg>
<doc>Executes the given JavaScript code with possible arguments.</doc>
<msg timestamp="20231206 10:50:43.925" level="INFO">Executing JavaScript:
location.reload(true)
Without any arguments.</msg>
<status status="PASS" starttime="20231206 10:50:43.923" endtime="20231206 10:50:45.451"/>
</kw>
<status status="PASS" starttime="20231206 10:50:43.922" endtime="20231206 10:50:45.451"/>
</kw>
<status status="PASS" starttime="20231206 10:50:36.852" endtime="20231206 10:50:45.451"/>
</iter>
<iter>
<var name="${index}">6</var>
<kw name="Set Variable" library="BuiltIn">
<var>${scenario}</var>
<arg>${invalid_scenarios}[${index}]</arg>
<doc>Returns the given values which can then be assigned to a variables.</doc>
<msg timestamp="20231206 10:50:45.452" level="INFO">${scenario} = ['Pia', 'Pandey', 'pia@gmail.com', 'pia', 'pia', 'Minimum length of this field must be equal or greater than 8 symbols. Leading and trailing spaces will be ignored']</msg>
<status status="PASS" starttime="20231206 10:50:45.451" endtime="20231206 10:50:45.452"/>
</kw>
<kw name="Run Keyword And Continue On Failure" library="BuiltIn">
<arg>Attempt Registration</arg>
<arg>${scenario}</arg>
<doc>Runs the keyword and continues execution even if a failure occurs.</doc>
<kw name="Attempt Registration" library="CredentialVerificationSignUpKeywords">
<arg>${scenario}</arg>
<kw name="Run Keyword If" library="BuiltIn">
<arg>'${credentials[0]}' != '#BLANK'</arg>
<arg>Input Text</arg>
<arg>${FIRSTNAME}</arg>
<arg>${credentials[0]}</arg>
<doc>Runs the given keyword with the given arguments, if ``condition`` is true.</doc>
<kw name="Input Text" library="SeleniumLibrary">
<arg>${FIRSTNAME}</arg>
<arg>${credentials[0]}</arg>
<doc>Types the given ``text`` into the text field identified by ``locator``.</doc>
<msg timestamp="20231206 10:50:45.454" level="INFO">Typing text 'Pia' into text field '//input[@id='firstname']'.</msg>
<status status="PASS" starttime="20231206 10:50:45.453" endtime="20231206 10:50:46.145"/>
</kw>
<status status="PASS" starttime="20231206 10:50:45.452" endtime="20231206 10:50:46.145"/>
</kw>
<kw name="Run Keyword If" library="BuiltIn">
<arg>'${credentials[1]}' != '#BLANK'</arg>
<arg>Input Text</arg>
<arg>${LASTNAME}</arg>
<arg>${credentials[1]}</arg>
<doc>Runs the given keyword with the given arguments, if ``condition`` is true.</doc>
<kw name="Input Text" library="SeleniumLibrary">
<arg>${LASTNAME}</arg>
<arg>${credentials[1]}</arg>
<doc>Types the given ``text`` into the text field identified by ``locator``.</doc>
<msg timestamp="20231206 10:50:46.152" level="INFO">Typing text 'Pandey' into text field '//input[@id='lastname']'.</msg>
<status status="PASS" starttime="20231206 10:50:46.149" endtime="20231206 10:50:46.847"/>
</kw>
<status status="PASS" starttime="20231206 10:50:46.146" endtime="20231206 10:50:46.848"/>
</kw>
<kw name="Run Keyword If" library="BuiltIn">
<arg>'${credentials[2]}' != '#BLANK'</arg>
<arg>Input Text</arg>
<arg>${EMAILID}</arg>
<arg>${credentials[2]}</arg>
<doc>Runs the given keyword with the given arguments, if ``condition`` is true.</doc>
<kw name="Input Text" library="SeleniumLibrary">
<arg>${EMAILID}</arg>
<arg>${credentials[2]}</arg>
<doc>Types the given ``text`` into the text field identified by ``locator``.</doc>
<msg timestamp="20231206 10:50:46.854" level="INFO">Typing text 'pia@gmail.com' into text field '//input[@id='email_address']'.</msg>
<status status="PASS" starttime="20231206 10:50:46.851" endtime="20231206 10:50:47.551"/>
</kw>
<status status="PASS" starttime="20231206 10:50:46.848" endtime="20231206 10:50:47.552"/>
</kw>
<kw name="Run Keyword If" library="BuiltIn">
<arg>'${credentials[3]}' != '#BLANK'</arg>
<arg>Input Text</arg>
<arg>${PASSWORD}</arg>
<arg>${credentials[3]}</arg>
<doc>Runs the given keyword with the given arguments, if ``condition`` is true.</doc>
<kw name="Input Text" library="SeleniumLibrary">
<arg>${PASSWORD}</arg>
<arg>${credentials[3]}</arg>
<doc>Types the given ``text`` into the text field identified by ``locator``.</doc>
<msg timestamp="20231206 10:50:47.559" level="INFO">Typing text 'pia' into text field '//input[@id='password']'.</msg>
<status status="PASS" starttime="20231206 10:50:47.556" endtime="20231206 10:50:48.260"/>
</kw>
<status status="PASS" starttime="20231206 10:50:47.552" endtime="20231206 10:50:48.260"/>
</kw>
<kw name="Run Keyword If" library="BuiltIn">
<arg>'${credentials[4]}' != '#BLANK'</arg>
<arg>Input Text</arg>
<arg>${CONFIRM_PASSWORD}</arg>
<arg>${credentials[4]}</arg>
<doc>Runs the given keyword with the given arguments, if ``condition`` is true.</doc>
<kw name="Input Text" library="SeleniumLibrary">
<arg>${CONFIRM_PASSWORD}</arg>
<arg>${credentials[4]}</arg>
<doc>Types the given ``text`` into the text field identified by ``locator``.</doc>
<msg timestamp="20231206 10:50:48.266" level="INFO">Typing text 'pia' into text field '//input[@id='password-confirmation']'.</msg>
<status status="PASS" starttime="20231206 10:50:48.263" endtime="20231206 10:50:48.959"/>
</kw>
<status status="PASS" starttime="20231206 10:50:48.261" endtime="20231206 10:50:48.959"/>
</kw>
<status status="PASS" starttime="20231206 10:50:45.452" endtime="20231206 10:50:48.959"/>
</kw>
<status status="PASS" starttime="20231206 10:50:45.452" endtime="20231206 10:50:48.959"/>
</kw>
<kw name="Run Keyword And Continue On Failure" library="BuiltIn">
<arg>Click Submit</arg>
<doc>Runs the keyword and continues execution even if a failure occurs.</doc>
<kw name="Click Submit" library="CredentialVerificationSignUpKeywords">
<kw name="Click Button" library="SeleniumLibrary">
<arg>${CREATE_ACCOUNT_BTN}</arg>
<doc>Clicks the button identified by ``locator``.</doc>
<msg timestamp="20231206 10:50:48.963" level="INFO">Clicking button '//button[@title='Create an Account']'.</msg>
<status status="PASS" starttime="20231206 10:50:48.962" endtime="20231206 10:50:50.071"/>
</kw>
<kw name="Sleep" library="BuiltIn">
<arg>2S</arg>
<doc>Pauses the test executed for the given time.</doc>
<msg timestamp="20231206 10:50:52.073" level="INFO">Slept 2 seconds</msg>
<status status="PASS" starttime="20231206 10:50:50.071" endtime="20231206 10:50:52.073"/>
</kw>
<status status="PASS" starttime="20231206 10:50:48.961" endtime="20231206 10:50:52.073"/>
</kw>
<status status="PASS" starttime="20231206 10:50:48.960" endtime="20231206 10:50:52.073"/>
</kw>
<kw name="Run Keyword And Continue On Failure" library="BuiltIn">
<arg>Verify Create Account Page Error Message</arg>
<arg>${Scenario}</arg>
<doc>Runs the keyword and continues execution even if a failure occurs.</doc>
<kw name="Verify Create Account Page Error Message" library="CredentialVerificationSignUpKeywords">
<arg>${Scenario}</arg>
<kw name="Page Should Contain" library="SeleniumLibrary">
<arg>${ERR_TEXT_MSG[5]}</arg>
<doc>Verifies that current page contains ``text``.</doc>
<msg timestamp="20231206 10:50:52.514" level="INFO">Current page contains text 'Minimum length of this field must be equal or greater than 8 symbols. Leading and trailing spaces will be ignored'.</msg>
<status status="PASS" starttime="20231206 10:50:52.076" endtime="20231206 10:50:52.514"/>
</kw>
<status status="PASS" starttime="20231206 10:50:52.075" endtime="20231206 10:50:52.515"/>
</kw>
<status status="PASS" starttime="20231206 10:50:52.074" endtime="20231206 10:50:52.515"/>
</kw>
<kw name="Reload Page" library="CredentialVerificationSignUpKeywords">
<kw name="Execute Javascript" library="SeleniumLibrary">
<arg>location.reload(true)</arg>
<doc>Executes the given JavaScript code with possible arguments.</doc>
<msg timestamp="20231206 10:50:52.518" level="INFO">Executing JavaScript:
location.reload(true)
Without any arguments.</msg>
<status status="PASS" starttime="20231206 10:50:52.516" endtime="20231206 10:50:53.967"/>
</kw>
<status status="PASS" starttime="20231206 10:50:52.515" endtime="20231206 10:50:53.967"/>
</kw>
<status status="PASS" starttime="20231206 10:50:45.451" endtime="20231206 10:50:53.967"/>
</iter>
<iter>
<var name="${index}">7</var>
<kw name="Set Variable" library="BuiltIn">
<var>${scenario}</var>
<arg>${invalid_scenarios}[${index}]</arg>
<doc>Returns the given values which can then be assigned to a variables.</doc>
<msg timestamp="20231206 10:50:53.968" level="INFO">${scenario} = ['Ria', 'Pandey', 'ria@', 'Riaa@123', 'Riaa@123', 'Please enter a valid email address (Ex: johndoe@domain.com)']</msg>
<status status="PASS" starttime="20231206 10:50:53.967" endtime="20231206 10:50:53.968"/>
</kw>
<kw name="Run Keyword And Continue On Failure" library="BuiltIn">
<arg>Attempt Registration</arg>
<arg>${scenario}</arg>
<doc>Runs the keyword and continues execution even if a failure occurs.</doc>
<kw name="Attempt Registration" library="CredentialVerificationSignUpKeywords">
<arg>${scenario}</arg>
<kw name="Run Keyword If" library="BuiltIn">
<arg>'${credentials[0]}' != '#BLANK'</arg>
<arg>Input Text</arg>
<arg>${FIRSTNAME}</arg>
<arg>${credentials[0]}</arg>
<doc>Runs the given keyword with the given arguments, if ``condition`` is true.</doc>
<kw name="Input Text" library="SeleniumLibrary">
<arg>${FIRSTNAME}</arg>
<arg>${credentials[0]}</arg>
<doc>Types the given ``text`` into the text field identified by ``locator``.</doc>
<msg timestamp="20231206 10:50:53.970" level="INFO">Typing text 'Ria' into text field '//input[@id='firstname']'.</msg>
<status status="PASS" starttime="20231206 10:50:53.969" endtime="20231206 10:50:54.635"/>
</kw>
<status status="PASS" starttime="20231206 10:50:53.968" endtime="20231206 10:50:54.635"/>
</kw>
<kw name="Run Keyword If" library="BuiltIn">
<arg>'${credentials[1]}' != '#BLANK'</arg>
<arg>Input Text</arg>
<arg>${LASTNAME}</arg>
<arg>${credentials[1]}</arg>
<doc>Runs the given keyword with the given arguments, if ``condition`` is true.</doc>
<kw name="Input Text" library="SeleniumLibrary">
<arg>${LASTNAME}</arg>
<arg>${credentials[1]}</arg>
<doc>Types the given ``text`` into the text field identified by ``locator``.</doc>
<msg timestamp="20231206 10:50:54.637" level="INFO">Typing text 'Pandey' into text field '//input[@id='lastname']'.</msg>
<status status="PASS" starttime="20231206 10:50:54.636" endtime="20231206 10:50:55.301"/>
</kw>
<status status="PASS" starttime="20231206 10:50:54.635" endtime="20231206 10:50:55.302"/>
</kw>
<kw name="Run Keyword If" library="BuiltIn">
<arg>'${credentials[2]}' != '#BLANK'</arg>
<arg>Input Text</arg>
<arg>${EMAILID}</arg>
<arg>${credentials[2]}</arg>
<doc>Runs the given keyword with the given arguments, if ``condition`` is true.</doc>
<kw name="Input Text" library="SeleniumLibrary">
<arg>${EMAILID}</arg>
<arg>${credentials[2]}</arg>
<doc>Types the given ``text`` into the text field identified by ``locator``.</doc>
<msg timestamp="20231206 10:50:55.308" level="INFO">Typing text 'ria@' into text field '//input[@id='email_address']'.</msg>
<status status="PASS" starttime="20231206 10:50:55.306" endtime="20231206 10:50:55.981"/>
</kw>
<status status="PASS" starttime="20231206 10:50:55.302" endtime="20231206 10:50:55.981"/>
</kw>
<kw name="Run Keyword If" library="BuiltIn">
<arg>'${credentials[3]}' != '#BLANK'</arg>
<arg>Input Text</arg>
<arg>${PASSWORD}</arg>
<arg>${credentials[3]}</arg>
<doc>Runs the given keyword with the given arguments, if ``condition`` is true.</doc>
<kw name="Input Text" library="SeleniumLibrary">
<arg>${PASSWORD}</arg>
<arg>${credentials[3]}</arg>
<doc>Types the given ``text`` into the text field identified by ``locator``.</doc>
<msg timestamp="20231206 10:50:55.986" level="INFO">Typing text 'Riaa@123' into text field '//input[@id='password']'.</msg>
<status status="PASS" starttime="20231206 10:50:55.984" endtime="20231206 10:50:56.691"/>
</kw>
<status status="PASS" starttime="20231206 10:50:55.982" endtime="20231206 10:50:56.691"/>
</kw>
<kw name="Run Keyword If" library="BuiltIn">
<arg>'${credentials[4]}' != '#BLANK'</arg>
<arg>Input Text</arg>
<arg>${CONFIRM_PASSWORD}</arg>
<arg>${credentials[4]}</arg>
<doc>Runs the given keyword with the given arguments, if ``condition`` is true.</doc>
<kw name="Input Text" library="SeleniumLibrary">
<arg>${CONFIRM_PASSWORD}</arg>
<arg>${credentials[4]}</arg>
<doc>Types the given ``text`` into the text field identified by ``locator``.</doc>
<msg timestamp="20231206 10:50:56.698" level="INFO">Typing text 'Riaa@123' into text field '//input[@id='password-confirmation']'.</msg>
<status status="PASS" starttime="20231206 10:50:56.695" endtime="20231206 10:50:57.364"/>
</kw>
<status status="PASS" starttime="20231206 10:50:56.692" endtime="20231206 10:50:57.365"/>
</kw>
<status status="PASS" starttime="20231206 10:50:53.968" endtime="20231206 10:50:57.365"/>
</kw>
<status status="PASS" starttime="20231206 10:50:53.968" endtime="20231206 10:50:57.365"/>
</kw>
<kw name="Run Keyword And Continue On Failure" library="BuiltIn">
<arg>Click Submit</arg>
<doc>Runs the keyword and continues execution even if a failure occurs.</doc>
<kw name="Click Submit" library="CredentialVerificationSignUpKeywords">
<kw name="Click Button" library="SeleniumLibrary">
<arg>${CREATE_ACCOUNT_BTN}</arg>
<doc>Clicks the button identified by ``locator``.</doc>
<msg timestamp="20231206 10:50:57.366" level="INFO">Clicking button '//button[@title='Create an Account']'.</msg>
<status status="PASS" starttime="20231206 10:50:57.366" endtime="20231206 10:50:58.473"/>
</kw>
<kw name="Sleep" library="BuiltIn">
<arg>2S</arg>
<doc>Pauses the test executed for the given time.</doc>
<msg timestamp="20231206 10:51:00.475" level="INFO">Slept 2 seconds</msg>
<status status="PASS" starttime="20231206 10:50:58.474" endtime="20231206 10:51:00.475"/>
</kw>
<status status="PASS" starttime="20231206 10:50:57.365" endtime="20231206 10:51:00.475"/>
</kw>
<status status="PASS" starttime="20231206 10:50:57.365" endtime="20231206 10:51:00.475"/>
</kw>
<kw name="Run Keyword And Continue On Failure" library="BuiltIn">
<arg>Verify Create Account Page Error Message</arg>
<arg>${Scenario}</arg>
<doc>Runs the keyword and continues execution even if a failure occurs.</doc>
<kw name="Verify Create Account Page Error Message" library="CredentialVerificationSignUpKeywords">
<arg>${Scenario}</arg>
<kw name="Page Should Contain" library="SeleniumLibrary">
<arg>${ERR_TEXT_MSG[5]}</arg>
<doc>Verifies that current page contains ``text``.</doc>
<msg timestamp="20231206 10:51:00.914" level="INFO">Current page contains text 'Please enter a valid email address (Ex: johndoe@domain.com)'.</msg>
<status status="PASS" starttime="20231206 10:51:00.478" endtime="20231206 10:51:00.914"/>
</kw>
<status status="PASS" starttime="20231206 10:51:00.477" endtime="20231206 10:51:00.914"/>
</kw>
<status status="PASS" starttime="20231206 10:51:00.476" endtime="20231206 10:51:00.914"/>
</kw>
<kw name="Reload Page" library="CredentialVerificationSignUpKeywords">
<kw name="Execute Javascript" library="SeleniumLibrary">
<arg>location.reload(true)</arg>
<doc>Executes the given JavaScript code with possible arguments.</doc>
<msg timestamp="20231206 10:51:00.918" level="INFO">Executing JavaScript:
location.reload(true)
Without any arguments.</msg>
<status status="PASS" starttime="20231206 10:51:00.916" endtime="20231206 10:51:02.556"/>
</kw>
<status status="PASS" starttime="20231206 10:51:00.915" endtime="20231206 10:51:02.557"/>
</kw>
<status status="PASS" starttime="20231206 10:50:53.967" endtime="20231206 10:51:02.557"/>
</iter>
<iter>
<var name="${index}">8</var>
<kw name="Set Variable" library="BuiltIn">
<var>${scenario}</var>
<arg>${invalid_scenarios}[${index}]</arg>
<doc>Returns the given values which can then be assigned to a variables.</doc>
<msg timestamp="20231206 10:51:02.557" level="INFO">${scenario} = ['Kia', 'Pandey', 'kia@gmail.com', 'kiaa1234', 'kiaa1234', 'Minimum of different classes of characters in password is 3. Classes of characters: Lower Case', ' Upper Case', ' Digits', ' Special Charact...</msg>
<status status="PASS" starttime="20231206 10:51:02.557" endtime="20231206 10:51:02.557"/>
</kw>
<kw name="Run Keyword And Continue On Failure" library="BuiltIn">
<arg>Attempt Registration</arg>
<arg>${scenario}</arg>
<doc>Runs the keyword and continues execution even if a failure occurs.</doc>
<kw name="Attempt Registration" library="CredentialVerificationSignUpKeywords">
<arg>${scenario}</arg>
<kw name="Run Keyword If" library="BuiltIn">
<arg>'${credentials[0]}' != '#BLANK'</arg>
<arg>Input Text</arg>
<arg>${FIRSTNAME}</arg>
<arg>${credentials[0]}</arg>
<doc>Runs the given keyword with the given arguments, if ``condition`` is true.</doc>
<kw name="Input Text" library="SeleniumLibrary">
<arg>${FIRSTNAME}</arg>
<arg>${credentials[0]}</arg>
<doc>Types the given ``text`` into the text field identified by ``locator``.</doc>
<msg timestamp="20231206 10:51:02.559" level="INFO">Typing text 'Kia' into text field '//input[@id='firstname']'.</msg>
<status status="PASS" starttime="20231206 10:51:02.558" endtime="20231206 10:51:03.254"/>
</kw>
<status status="PASS" starttime="20231206 10:51:02.558" endtime="20231206 10:51:03.255"/>
</kw>
<kw name="Run Keyword If" library="BuiltIn">
<arg>'${credentials[1]}' != '#BLANK'</arg>
<arg>Input Text</arg>
<arg>${LASTNAME}</arg>
<arg>${credentials[1]}</arg>
<doc>Runs the given keyword with the given arguments, if ``condition`` is true.</doc>
<kw name="Input Text" library="SeleniumLibrary">
<arg>${LASTNAME}</arg>
<arg>${credentials[1]}</arg>
<doc>Types the given ``text`` into the text field identified by ``locator``.</doc>
<msg timestamp="20231206 10:51:03.261" level="INFO">Typing text 'Pandey' into text field '//input[@id='lastname']'.</msg>
<status status="PASS" starttime="20231206 10:51:03.259" endtime="20231206 10:51:03.953"/>
</kw>
<status status="PASS" starttime="20231206 10:51:03.256" endtime="20231206 10:51:03.953"/>
</kw>
<kw name="Run Keyword If" library="BuiltIn">
<arg>'${credentials[2]}' != '#BLANK'</arg>
<arg>Input Text</arg>
<arg>${EMAILID}</arg>
<arg>${credentials[2]}</arg>
<doc>Runs the given keyword with the given arguments, if ``condition`` is true.</doc>
<kw name="Input Text" library="SeleniumLibrary">
<arg>${EMAILID}</arg>
<arg>${credentials[2]}</arg>
<doc>Types the given ``text`` into the text field identified by ``locator``.</doc>
<msg timestamp="20231206 10:51:03.960" level="INFO">Typing text 'kia@gmail.com' into text field '//input[@id='email_address']'.</msg>
<status status="PASS" starttime="20231206 10:51:03.957" endtime="20231206 10:51:04.654"/>
</kw>
<status status="PASS" starttime="20231206 10:51:03.954" endtime="20231206 10:51:04.654"/>
</kw>
<kw name="Run Keyword If" library="BuiltIn">
<arg>'${credentials[3]}' != '#BLANK'</arg>
<arg>Input Text</arg>
<arg>${PASSWORD}</arg>
<arg>${credentials[3]}</arg>
<doc>Runs the given keyword with the given arguments, if ``condition`` is true.</doc>
<kw name="Input Text" library="SeleniumLibrary">
<arg>${PASSWORD}</arg>
<arg>${credentials[3]}</arg>
<doc>Types the given ``text`` into the text field identified by ``locator``.</doc>
<msg timestamp="20231206 10:51:04.661" level="INFO">Typing text 'kiaa1234' into text field '//input[@id='password']'.</msg>
<status status="PASS" starttime="20231206 10:51:04.658" endtime="20231206 10:51:05.376"/>
</kw>
<status status="PASS" starttime="20231206 10:51:04.655" endtime="20231206 10:51:05.376"/>
</kw>
<kw name="Run Keyword If" library="BuiltIn">
<arg>'${credentials[4]}' != '#BLANK'</arg>
<arg>Input Text</arg>
<arg>${CONFIRM_PASSWORD}</arg>
<arg>${credentials[4]}</arg>
<doc>Runs the given keyword with the given arguments, if ``condition`` is true.</doc>
<kw name="Input Text" library="SeleniumLibrary">
<arg>${CONFIRM_PASSWORD}</arg>
<arg>${credentials[4]}</arg>
<doc>Types the given ``text`` into the text field identified by ``locator``.</doc>
<msg timestamp="20231206 10:51:05.383" level="INFO">Typing text 'kiaa1234' into text field '//input[@id='password-confirmation']'.</msg>
<status status="PASS" starttime="20231206 10:51:05.380" endtime="20231206 10:51:06.080"/>
</kw>
<status status="PASS" starttime="20231206 10:51:05.377" endtime="20231206 10:51:06.080"/>
</kw>
<status status="PASS" starttime="20231206 10:51:02.557" endtime="20231206 10:51:06.081"/>
</kw>
<status status="PASS" starttime="20231206 10:51:02.557" endtime="20231206 10:51:06.081"/>
</kw>
<kw name="Run Keyword And Continue On Failure" library="BuiltIn">
<arg>Click Submit</arg>
<doc>Runs the keyword and continues execution even if a failure occurs.</doc>
<kw name="Click Submit" library="CredentialVerificationSignUpKeywords">
<kw name="Click Button" library="SeleniumLibrary">
<arg>${CREATE_ACCOUNT_BTN}</arg>
<doc>Clicks the button identified by ``locator``.</doc>
<msg timestamp="20231206 10:51:06.085" level="INFO">Clicking button '//button[@title='Create an Account']'.</msg>
<status status="PASS" starttime="20231206 10:51:06.083" endtime="20231206 10:51:07.190"/>
</kw>
<kw name="Sleep" library="BuiltIn">
<arg>2S</arg>
<doc>Pauses the test executed for the given time.</doc>
<msg timestamp="20231206 10:51:09.191" level="INFO">Slept 2 seconds</msg>
<status status="PASS" starttime="20231206 10:51:07.190" endtime="20231206 10:51:09.192"/>
</kw>
<status status="PASS" starttime="20231206 10:51:06.082" endtime="20231206 10:51:09.192"/>
</kw>
<status status="PASS" starttime="20231206 10:51:06.081" endtime="20231206 10:51:09.192"/>
</kw>
<kw name="Run Keyword And Continue On Failure" library="BuiltIn">
<arg>Verify Create Account Page Error Message</arg>
<arg>${Scenario}</arg>
<doc>Runs the keyword and continues execution even if a failure occurs.</doc>
<kw name="Verify Create Account Page Error Message" library="CredentialVerificationSignUpKeywords">
<arg>${Scenario}</arg>
<kw name="Page Should Contain" library="SeleniumLibrary">
<arg>${ERR_TEXT_MSG[5]}</arg>
<doc>Verifies that current page contains ``text``.</doc>
<msg timestamp="20231206 10:51:09.629" level="INFO">Current page contains text 'Minimum of different classes of characters in password is 3. Classes of characters: Lower Case'.</msg>
<status status="PASS" starttime="20231206 10:51:09.194" endtime="20231206 10:51:09.630"/>
</kw>
<status status="PASS" starttime="20231206 10:51:09.193" endtime="20231206 10:51:09.630"/>
</kw>
<status status="PASS" starttime="20231206 10:51:09.193" endtime="20231206 10:51:09.630"/>
</kw>
<kw name="Reload Page" library="CredentialVerificationSignUpKeywords">
<kw name="Execute Javascript" library="SeleniumLibrary">
<arg>location.reload(true)</arg>
<doc>Executes the given JavaScript code with possible arguments.</doc>
<msg timestamp="20231206 10:51:09.634" level="INFO">Executing JavaScript:
location.reload(true)
Without any arguments.</msg>
<status status="PASS" starttime="20231206 10:51:09.632" endtime="20231206 10:51:11.153"/>
</kw>
<status status="PASS" starttime="20231206 10:51:09.631" endtime="20231206 10:51:11.153"/>
</kw>
<status status="PASS" starttime="20231206 10:51:02.557" endtime="20231206 10:51:11.153"/>
</iter>
<status status="PASS" starttime="20231206 10:49:57.430" endtime="20231206 10:51:11.153"/>
</for>
<status status="PASS" starttime="20231206 10:49:57.429" endtime="20231206 10:51:11.153"/>
</kw>
<status status="PASS" starttime="20231206 10:49:55.878" endtime="20231206 10:51:11.153"/>
</test>
<kw name="Close All The Browsers" library="BrowserKeywords" type="TEARDOWN">
<kw name="Close Browser" library="SeleniumLibrary">
<doc>Closes the current browser.</doc>
<status status="PASS" starttime="20231206 10:51:11.154" endtime="20231206 10:51:11.428"/>
</kw>
<status status="PASS" starttime="20231206 10:51:11.154" endtime="20231206 10:51:11.428"/>
</kw>
<status status="PASS" starttime="20231206 10:49:52.070" endtime="20231206 10:51:11.428"/>
</suite>
<statistics>
<total>
<stat pass="1" fail="0" skip="0">All Tests</stat>
</total>
<tag>
</tag>
<suite>
<stat pass="1" fail="0" skip="0" id="s1" name="CredentialVerificationSignUpPage">CredentialVerificationSignUpPage</stat>
</suite>
</statistics>
<errors>
</errors>
</robot>
